<?xml version="1.0" encoding="UTF-8"?>
<testsuite name="com.example.study.wishlist.service.WishServiceTest" tests="1" skipped="0" failures="0" errors="0" timestamp="2024-09-10T23:59:44" hostname="DESKTOP-GULDH1D" time="1.768">
  <properties/>
  <testcase name="searchTest()" classname="com.example.study.wishlist.service.WishServiceTest" time="1.768"/>
  <system-out><![CDATA[08:59:39.912 [Test worker] DEBUG org.springframework.test.context.BootstrapUtils - Instantiating CacheAwareContextLoaderDelegate from class [org.springframework.test.context.cache.DefaultCacheAwareContextLoaderDelegate]
08:59:39.935 [Test worker] DEBUG org.springframework.test.context.BootstrapUtils - Instantiating BootstrapContext using constructor [public org.springframework.test.context.support.DefaultBootstrapContext(java.lang.Class,org.springframework.test.context.CacheAwareContextLoaderDelegate)]
08:59:40.000 [Test worker] DEBUG org.springframework.test.context.BootstrapUtils - Instantiating TestContextBootstrapper for test class [com.example.study.wishlist.service.WishServiceTest] from class [org.springframework.boot.test.context.SpringBootTestContextBootstrapper]
08:59:40.024 [Test worker] INFO org.springframework.boot.test.context.SpringBootTestContextBootstrapper - Neither @ContextConfiguration nor @ContextHierarchy found for test class [com.example.study.wishlist.service.WishServiceTest], using SpringBootContextLoader
08:59:40.032 [Test worker] DEBUG org.springframework.test.context.support.AbstractContextLoader - Did not detect default resource location for test class [com.example.study.wishlist.service.WishServiceTest]: class path resource [com/example/study/wishlist/service/WishServiceTest-context.xml] does not exist
08:59:40.036 [Test worker] DEBUG org.springframework.test.context.support.AbstractContextLoader - Did not detect default resource location for test class [com.example.study.wishlist.service.WishServiceTest]: class path resource [com/example/study/wishlist/service/WishServiceTestContext.groovy] does not exist
08:59:40.041 [Test worker] INFO org.springframework.test.context.support.AbstractContextLoader - Could not detect default resource locations for test class [com.example.study.wishlist.service.WishServiceTest]: no resource found for suffixes {-context.xml, Context.groovy}.
08:59:40.043 [Test worker] INFO org.springframework.test.context.support.AnnotationConfigContextLoaderUtils - Could not detect default configuration classes for test class [com.example.study.wishlist.service.WishServiceTest]: WishServiceTest does not declare any static, non-private, non-final, nested classes annotated with @Configuration.
08:59:40.112 [Test worker] DEBUG org.springframework.test.context.support.ActiveProfilesUtils - Could not find an 'annotation declaring class' for annotation type [org.springframework.test.context.ActiveProfiles] and class [com.example.study.wishlist.service.WishServiceTest]
08:59:40.203 [Test worker] DEBUG org.springframework.context.annotation.ClassPathScanningCandidateComponentProvider - Identified candidate component class: file [C:\Users\User\Desktop\study\spring\study\build\classes\java\main\com\example\study\StudyApplication.class]
08:59:40.205 [Test worker] INFO org.springframework.boot.test.context.SpringBootTestContextBootstrapper - Found @SpringBootConfiguration com.example.study.StudyApplication for test class com.example.study.wishlist.service.WishServiceTest
08:59:40.355 [Test worker] DEBUG org.springframework.boot.test.context.SpringBootTestContextBootstrapper - @TestExecutionListeners is not present for class [com.example.study.wishlist.service.WishServiceTest]: using defaults.
08:59:40.356 [Test worker] INFO org.springframework.boot.test.context.SpringBootTestContextBootstrapper - Loaded default TestExecutionListener class names from location [META-INF/spring.factories]: [org.springframework.boot.test.autoconfigure.restdocs.RestDocsTestExecutionListener, org.springframework.boot.test.autoconfigure.web.client.MockRestServiceServerResetTestExecutionListener, org.springframework.boot.test.autoconfigure.web.servlet.MockMvcPrintOnlyOnFailureTestExecutionListener, org.springframework.boot.test.autoconfigure.web.servlet.WebDriverTestExecutionListener, org.springframework.boot.test.autoconfigure.webservices.client.MockWebServiceServerTestExecutionListener, org.springframework.boot.test.mock.mockito.MockitoTestExecutionListener, org.springframework.boot.test.mock.mockito.ResetMocksTestExecutionListener, org.springframework.test.context.web.ServletTestExecutionListener, org.springframework.test.context.support.DirtiesContextBeforeModesTestExecutionListener, org.springframework.test.context.event.ApplicationEventsTestExecutionListener, org.springframework.test.context.support.DependencyInjectionTestExecutionListener, org.springframework.test.context.support.DirtiesContextTestExecutionListener, org.springframework.test.context.transaction.TransactionalTestExecutionListener, org.springframework.test.context.jdbc.SqlScriptsTestExecutionListener, org.springframework.test.context.event.EventPublishingTestExecutionListener]
08:59:40.376 [Test worker] DEBUG org.springframework.boot.test.context.SpringBootTestContextBootstrapper - Skipping candidate TestExecutionListener [org.springframework.test.context.transaction.TransactionalTestExecutionListener] due to a missing dependency. Specify custom listener classes or make the default listener classes and their required dependencies available. Offending class: [org/springframework/transaction/interceptor/TransactionAttributeSource]
08:59:40.377 [Test worker] DEBUG org.springframework.boot.test.context.SpringBootTestContextBootstrapper - Skipping candidate TestExecutionListener [org.springframework.test.context.jdbc.SqlScriptsTestExecutionListener] due to a missing dependency. Specify custom listener classes or make the default listener classes and their required dependencies available. Offending class: [org/springframework/transaction/interceptor/TransactionAttribute]
08:59:40.377 [Test worker] INFO org.springframework.boot.test.context.SpringBootTestContextBootstrapper - Using TestExecutionListeners: [org.springframework.test.context.web.ServletTestExecutionListener@2db2cd5, org.springframework.test.context.support.DirtiesContextBeforeModesTestExecutionListener@70e659aa, org.springframework.test.context.event.ApplicationEventsTestExecutionListener@615f972, org.springframework.boot.test.mock.mockito.MockitoTestExecutionListener@285f09de, org.springframework.boot.test.autoconfigure.SpringBootDependencyInjectionTestExecutionListener@73393584, org.springframework.test.context.support.DirtiesContextTestExecutionListener@31500940, org.springframework.test.context.event.EventPublishingTestExecutionListener@1827a871, org.springframework.boot.test.autoconfigure.restdocs.RestDocsTestExecutionListener@48e64352, org.springframework.boot.test.autoconfigure.web.client.MockRestServiceServerResetTestExecutionListener@7249dadf, org.springframework.boot.test.autoconfigure.web.servlet.MockMvcPrintOnlyOnFailureTestExecutionListener@4362d7df, org.springframework.boot.test.autoconfigure.web.servlet.WebDriverTestExecutionListener@66238be2, org.springframework.boot.test.autoconfigure.webservices.client.MockWebServiceServerTestExecutionListener@1c25b8a7, org.springframework.boot.test.mock.mockito.ResetMocksTestExecutionListener@200606de]
08:59:40.385 [Test worker] DEBUG org.springframework.test.context.support.AbstractDirtiesContextTestExecutionListener - Before test class: context [DefaultTestContext@133e019b testClass = WishServiceTest, testInstance = [null], testMethod = [null], testException = [null], mergedContextConfiguration = [WebMergedContextConfiguration@41382722 testClass = WishServiceTest, locations = '{}', classes = '{class com.example.study.StudyApplication}', contextInitializerClasses = '[]', activeProfiles = '{}', propertySourceLocations = '{}', propertySourceProperties = '{org.springframework.boot.test.context.SpringBootTestContextBootstrapper=true}', contextCustomizers = set[org.springframework.boot.test.autoconfigure.actuate.metrics.MetricsExportContextCustomizerFactory$DisableMetricExportContextCustomizer@4212a0c8, org.springframework.boot.test.autoconfigure.properties.PropertyMappingContextCustomizer@0, org.springframework.boot.test.autoconfigure.web.servlet.WebDriverContextCustomizerFactory$Customizer@4189d70b, org.springframework.boot.test.context.filter.ExcludeFilterContextCustomizer@320de594, org.springframework.boot.test.json.DuplicateJsonObjectContextCustomizerFactory$DuplicateJsonObjectContextCustomizer@478ee483, org.springframework.boot.test.mock.mockito.MockitoContextCustomizer@0, org.springframework.boot.test.web.client.TestRestTemplateContextCustomizer@60a2630a, org.springframework.boot.test.context.SpringBootTestArgs@1, org.springframework.boot.test.context.SpringBootTestWebEnvironment@54e041a4], resourceBasePath = 'src/main/webapp', contextLoader = 'org.springframework.boot.test.context.SpringBootContextLoader', parent = [null]], attributes = map['org.springframework.test.context.web.ServletTestExecutionListener.activateListener' -> true]], class annotated with @DirtiesContext [false] with mode [null].
08:59:40.500 [Test worker] DEBUG org.springframework.boot.ApplicationServletEnvironment - Activating profiles []
08:59:40.500 [Test worker] DEBUG org.springframework.test.context.support.TestPropertySourceUtils - Adding inlined properties to environment: {spring.jmx.enabled=false, org.springframework.boot.test.context.SpringBootTestContextBootstrapper=true}

  .   ____          _            __ _ _
 /\\ / ___'_ __ _ _(_)_ __  __ _ \ \ \ \
( ( )\___ | '_ | '_| | '_ \/ _` | \ \ \ \
 \\/  ___)| |_)| | | | | || (_| |  ) ) ) )
  '  |____| .__|_| |_|_| |_\__, | / / / /
 =========|_|==============|___/=/_/_/_/
 :: Spring Boot ::                (v2.6.2)

2024-09-11 08:59:41.183  INFO 30692 --- [    Test worker] c.e.s.wishlist.service.WishServiceTest   : Starting WishServiceTest using Java 11.0.15.1 on DESKTOP-GULDH1D with PID 30692 (started by User in C:\Users\User\Desktop\study\spring\study)
2024-09-11 08:59:41.185  INFO 30692 --- [    Test worker] c.e.s.wishlist.service.WishServiceTest   : No active profile set, falling back to default profiles: default
2024-09-11 08:59:44.111  INFO 30692 --- [    Test worker] c.e.s.wishlist.service.WishServiceTest   : Started WishServiceTest in 3.608 seconds (JVM running for 6.12)
WishListDto(index=0, title=원조이동김미자할머니갈비 포천이동본점, category=한식>육류,고기요리, address=경기도 포천시 이동면 장암리 216-3, readAddress=경기도 포천시 이동면 화동로 2087, homePageLink=http://www.김미자할머니갈비.kr/, imageLink=https://ldb-phinf.pstatic.net/20190923_123/1569213677726dldJw_JPEG/n1O7Nm4JoUFaLJa60UG6cEFV.jpg, isVisit=false, visitCount=0, lastVisitDate=null)
]]></system-out>
  <system-err><![CDATA[]]></system-err>
</testsuite>
